output prefix: /Users/Sei/SFU/CMPT379/DecafCompiler/decafexpr/output/test/llvm/2param
llvmas: /usr/local/Cellar/llvm38/3.8.0/lib/llvm-3.8/bin/llvm-as
llc: /usr/local/Cellar/llvm38/3.8.0/lib/llvm-3.8/bin/llc
cc: gcc
codegen: /Users/Sei/SFU/CMPT379/DecafCompiler/decafexpr/answer/decafexpr
stdlib: /Users/Sei/SFU/CMPT379/DecafCompiler/decafexpr/answer/decaf-stdlib.c
generating llvm code:/Users/Sei/SFU/CMPT379/DecafCompiler/decafexpr/answer/decafexpr ... ok
; ModuleID = 'C'

declare void @print_int(i32)

define i32 @foo(i32, i32) {
entry:
  store i32 1, i32* %x
  store i32 1, i32* %y
  %x = load i32, i32* %x
  call void @print_int(i32 %x)
  %y = load i32, i32* %y
  call void @print_int(i32 %y)
  store i32 %0, i32* %x
  store i32 %1, i32* %y
  ret i32 0
}

define i32 @main() {
entry:
  %calltmp = call i32 @foo(i32 1, i32 2)
  ret i32 0
}
assembling to bitcode:/usr/local/Cellar/llvm38/3.8.0/lib/llvm-3.8/bin/llvm-as "/Users/Sei/SFU/CMPT379/DecafCompiler/decafexpr/output/test/llvm/2param.llvm" -o "/Users/Sei/SFU/CMPT379/DecafCompiler/decafexpr/output/test/llvm/2param.llvm.bc" ... failed (1)
/usr/local/Cellar/llvm38/3.8.0/lib/llvm-3.8/bin/llvm-as: /Users/Sei/SFU/CMPT379/DecafCompiler/decafexpr/output/test/llvm/2param.llvm:9:3: error: instruction forward referenced with type 'i32*'
  %x = load i32, i32* %x
  ^
converting to native code:/usr/local/Cellar/llvm38/3.8.0/lib/llvm-3.8/bin/llc "/Users/Sei/SFU/CMPT379/DecafCompiler/decafexpr/output/test/llvm/2param.llvm.bc" -o "/Users/Sei/SFU/CMPT379/DecafCompiler/decafexpr/output/test/llvm/2param.llvm.s" ... ok
linking:gcc -o "/Users/Sei/SFU/CMPT379/DecafCompiler/decafexpr/output/test/llvm/2param.llvm.exec" "/Users/Sei/SFU/CMPT379/DecafCompiler/decafexpr/output/test/llvm/2param.llvm.s" "/Users/Sei/SFU/CMPT379/DecafCompiler/decafexpr/answer/decaf-stdlib.c" ... failed (1)
Undefined symbols for architecture x86_64:
  "_main", referenced from:
     implicit entry/start for main executable
ld: symbol(s) not found for architecture x86_64
clang: error: linker command failed with exit code 1 (use -v to see invocation)
running:/Users/Sei/SFU/CMPT379/DecafCompiler/decafexpr/output/test/llvm/2param.llvm.exec ...Traceback (most recent call last):
  File "/Users/Sei/SFU/CMPT379/DecafCompiler/decafexpr/answer/llvm-run", line 172, in <module>
    result &= run("running", "%s.llvm.exec" % (out_prefix), ".run", None, out_prefix)
  File "/Users/Sei/SFU/CMPT379/DecafCompiler/decafexpr/answer/llvm-run", line 90, in run
    retval = subprocess.call(shlex.split(cmd), stdin=infile, stdout=outoutfile, stderr=outerrfile)
  File "/System/Library/Frameworks/Python.framework/Versions/2.7/lib/python2.7/subprocess.py", line 522, in call
    return Popen(*popenargs, **kwargs).wait()
  File "/System/Library/Frameworks/Python.framework/Versions/2.7/lib/python2.7/subprocess.py", line 710, in __init__
    errread, errwrite)
  File "/System/Library/Frameworks/Python.framework/Versions/2.7/lib/python2.7/subprocess.py", line 1335, in _execute_child
    raise child_exception
OSError: [Errno 2] No such file or directory
